<?xml version="1.0" encoding="UTF-8"?>
<!-- Generated by org.testng.reporters.JUnitReportReporter -->
<testsuite hostname="Krishnas-MacBook-Air.local" name="springexample.BeforeAfterMethodemo" tests="2" failures="0" timestamp="14 Apr 2020 14:34:02 GMT" time="1.954" errors="0">
  <testcase name="register" time="1.073" classname="springexample.BeforeAfterMethodemo"/>
  <testcase name="support" time="0.881" classname="springexample.BeforeAfterMethodemo"/>
</testsuite> <!-- springexample.BeforeAfterMethodemo -->
