<?xml version="1.0" encoding="UTF-8"?>
<!-- Generated by org.testng.reporters.JUnitReportReporter -->
<testsuite hostname="Krishnas-MacBook-Air.local" name="springexample.LoginPOMtestcase" tests="1" failures="0" timestamp="22 Apr 2020 01:54:14 GMT" time="1.488" errors="0">
  <testcase name="test_Home_Page_Appear_Correct" time="1.488" classname="springexample.LoginPOMtestcase"/>
</testsuite> <!-- springexample.LoginPOMtestcase -->
