<?xml version="1.0" encoding="UTF-8"?>
<!-- Generated by org.testng.reporters.JUnitReportReporter -->
<testsuite hostname="Krishnas-MacBook-Air.local" name="springexample.PageFactoryTC" tests="1" failures="0" timestamp="22 Apr 2020 20:29:28 GMT" time="2.161" errors="0">
  <testcase name="test_Home_Page_Appear_Correct" time="2.161" classname="springexample.PageFactoryTC"/>
</testsuite> <!-- springexample.PageFactoryTC -->
