<?xml version="1.0" encoding="UTF-8"?>
<!-- Generated by org.testng.reporters.JUnitReportReporter -->
<testsuite hostname="Krishnas-MacBook-Air.local" name="springexample.MultipleDriverSessions" tests="3" failures="0" timestamp="17 Apr 2020 03:21:52 GMT" time="21.642" errors="0">
  <testcase name="executeSessionTwo" time="9.269" classname="springexample.MultipleDriverSessions"/>
  <testcase name="executSessionThree" time="6.862" classname="springexample.MultipleDriverSessions"/>
  <testcase name="executSessionOne" time="5.511" classname="springexample.MultipleDriverSessions"/>
</testsuite> <!-- springexample.MultipleDriverSessions -->
