<?xml version="1.0" encoding="UTF-8"?>
<!-- Generated by org.testng.reporters.JUnitReportReporter -->
<testsuite hostname="Krishnas-MacBook-Air.local" name="springexample.exampleOfTestNgMaven" tests="1" failures="0" timestamp="2 Apr 2020 23:02:32 GMT" time="0.075" errors="0">
  <testcase name="exampleOfTestNgMaven" time="0.075" classname="springexample.exampleOfTestNgMaven"/>
</testsuite> <!-- springexample.exampleOfTestNgMaven -->
