<?xml version="1.0" encoding="UTF-8"?>
<!-- Generated by org.testng.reporters.JUnitReportReporter -->
<testsuite hostname="Krishnas-MacBook-Air.local" name="springexample.SearchforTestNGGoogle" tests="1" failures="0" timestamp="2 Apr 2020 23:21:54 GMT" time="5.431" errors="0">
  <testcase name="searchTestngIngoogle" time="5.431" classname="springexample.SearchforTestNGGoogle"/>
</testsuite> <!-- springexample.SearchforTestNGGoogle -->
