<?xml version="1.0" encoding="UTF-8"?>
<!-- Generated by org.testng.reporters.JUnitReportReporter -->
<testsuite hostname="Krishnas-MacBook-Air.local" name="com.suite1.Demo2" tests="1" failures="0" timestamp="17 Apr 2020 22:41:56 GMT" time="3.970" errors="0">
  <testcase name="run" time="3.970" classname="com.suite1.Demo2"/>
</testsuite> <!-- com.suite1.Demo2 -->
