<?xml version="1.0" encoding="UTF-8"?>
<!-- Generated by org.testng.reporters.JUnitReportReporter -->
<testsuite hostname="Krishnas-MacBook-Air.local" name="springexample.ExpectedActualtitle" tests="1" failures="0" timestamp="14 Apr 2020 14:10:38 GMT" time="0.176" errors="0">
  <testcase name="ExpectedActual" time="0.176" classname="springexample.ExpectedActualtitle"/>
</testsuite> <!-- springexample.ExpectedActualtitle -->
